{
  "stats": {
    "suites": 1,
    "tests": 1,
    "passes": 1,
    "pending": 0,
    "failures": 0,
    "start": "2021-03-10T15:40:17.945Z",
    "end": "2021-03-10T15:40:21.945Z",
    "duration": 4000,
    "testsRegistered": 1,
    "passPercent": 100,
    "pendingPercent": 0,
    "other": 0,
    "hasOther": false,
    "skipped": 0,
    "hasSkipped": false
  },
  "results": [
    {
      "uuid": "89144e4d-9516-43f1-abb4-e5844a215c25",
      "title": "",
      "fullFile": "cypress\\integration\\custom_command.ts",
      "file": "cypress\\integration\\custom_command.ts",
      "beforeHooks": [],
      "afterHooks": [],
      "tests": [],
      "suites": [
        {
          "uuid": "28f3cc59-0a0e-4cef-9c66-c313b6f5053e",
          "title": "Custom Command Test",
          "fullFile": "",
          "file": "",
          "beforeHooks": [],
          "afterHooks": [],
          "tests": [
            {
              "title": "Custom command - 'clickLink'",
              "fullTitle": "Custom Command Test Custom command - 'clickLink'",
              "timedOut": null,
              "duration": 1132,
              "state": "passed",
              "speed": "slow",
              "pass": true,
              "fail": false,
              "pending": false,
              "context": null,
              "code": "cy.visit('https://trytestingthis.netlify.app/');\n// Using custom command 'clickLink'\ncy.clickLink('Contact');\n// Asserting custom command 'clickLink' is working\ncy.get('.footer').find('h2').eq(0).should('have.text', \"Created by Oviya Kandaswamy\");",
              "err": {},
              "uuid": "935b3dd0-9468-4369-9487-4259c58da1f2",
              "parentUUID": "28f3cc59-0a0e-4cef-9c66-c313b6f5053e",
              "isHook": false,
              "skipped": false
            }
          ],
          "suites": [],
          "passes": [
            "935b3dd0-9468-4369-9487-4259c58da1f2"
          ],
          "failures": [],
          "pending": [],
          "skipped": [],
          "duration": 1132,
          "root": false,
          "rootEmpty": false,
          "_timeout": 2000
        }
      ],
      "passes": [],
      "failures": [],
      "pending": [],
      "skipped": [],
      "duration": 0,
      "root": true,
      "rootEmpty": true,
      "_timeout": 2000
    }
  ],
  "meta": {
    "mocha": {
      "version": "7.0.1"
    },
    "mochawesome": {
      "options": {
        "quiet": false,
        "reportFilename": "mochawesome",
        "saveHtml": false,
        "saveJson": true,
        "consoleReporter": "spec",
        "useInlineDiffs": false,
        "code": true
      },
      "version": "6.2.2"
    },
    "marge": {
      "options": {
        "reportDir": "cypress/results/json",
        "overwrite": false,
        "html": false,
        "json": true
      },
      "version": "5.2.0"
    }
  }
}